<?xml version="1.0" encoding="UTF-8"?>
<!-- Generated by org.testng.reporters.JUnitReportReporter -->
<testsuite hostname="CIT-LP252" failures="0" tests="1" name="TestMaven.TestMaven.AppTest" time="0.026" errors="0" timestamp="2024-11-22T15:21:14 IST" skipped="0">
  <testcase classname="TestMaven.TestMaven.AppTest" name="testApp" time="0.026"/>
  <system-out/>
</testsuite> <!-- TestMaven.TestMaven.AppTest -->
